<?xml version="1.0" encoding="UTF-8"?><testrun duration="0" footerText="Generated by PyCharm on 4/21/21, 8:39 PM" name="pytest in test_hello_world.py">
    <count name="total" value="3"/>
    <count name="failed" value="1"/>
    <count name="passed" value="2"/>
    <config nameIsGenerated="true" configId="tests" name="pytest in test_hello_world.py">
        <module name="2021_python_selenium"/>
        <option name="INTERPRETER_OPTIONS" value=""/>
        <option name="PARENT_ENVS" value="true"/>
        <option name="SDK_HOME" value=""/>
        <option name="WORKING_DIRECTORY" value="/Users/jjserna/Documents/Repository/2021_python_selenium/Module_05"/>
        <option name="IS_MODULE_SDK" value="true"/>
        <option name="ADD_CONTENT_ROOTS" value="true"/>
        <option name="ADD_SOURCE_ROOTS" value="true"/>
        <option name="_new_keywords" value="&quot;&quot;"/>
        <option name="_new_parameters" value="&quot;&quot;"/>
        <option name="_new_additionalArguments" value="&quot;&quot;"/>
        <option name="_new_target" value="&quot;/Users/jjserna/Documents/Repository/2021_python_selenium/Module_05/test_hello_world.py&quot;"/>
        <option name="_new_targetType" value="&quot;PATH&quot;"/>
        <method v="2"/>
    </config>
    <suite duration="0" locationUrl="python&lt;/Users/jjserna/Documents/Repository/2021_python_selenium/Module_05&gt;://test_hello_world" name="test_hello_world" status="failed">
        <test duration="0" locationUrl="python&lt;/Users/jjserna/Documents/Repository/2021_python_selenium/Module_05&gt;://test_hello_world.test_one" name="test_one" metainfo="test_one" status="passed">
            <output type="stdout">PASSED                                     [ 33%]First test case
</output>
        </test>
        <test duration="0" locationUrl="python&lt;/Users/jjserna/Documents/Repository/2021_python_selenium/Module_05&gt;://test_hello_world.test_two" name="test_two" metainfo="test_two" status="passed">
            <output type="stdout">PASSED                                     [ 66%]Second test case
</output>
        </test>
        <test duration="0" locationUrl="python&lt;/Users/jjserna/Documents/Repository/2021_python_selenium/Module_05&gt;://test_hello_world.test_tres" name="test_tres" metainfo="test_tres" status="failed">
            <output type="stdout">FAILED                                    [100%]Third test case
</output>
            <output type="stderr">test_hello_world.py:8 (test_tres)def test_tres():
        &amp;quot;&amp;quot;&amp;quot;Test case demo 3 &amp;quot;&amp;quot;&amp;quot;
        print(&amp;quot;Third test case&amp;quot;)
&amp;gt;       raise Exception (&amp;#39;Fail&amp;#39;)
E       Exception: Fail
test_hello_world.py:12: Exception
</output>
        </test>
    </suite>
</testrun>
